[     197ms] [INFO] %cDownload the React DevTools for a better development experience: https://react.dev/link/react-devtools font-weight:bold @ http://localhost:3001/_next/static/chunks/05w9_next_dist_04sc5oc._.js:2431
[     211ms] [LOG] [HMR] connected @ http://localhost:3001/_next/static/chunks/05w9_next_dist_04sc5oc._.js:2431
[   60861ms] [LOG] [Fast Refresh] rebuilding @ http://localhost:3001/_next/static/chunks/05w9_next_dist_04sc5oc._.js:2431
[   60916ms] [LOG] [Fast Refresh] done in 113ms @ http://localhost:3001/_next/static/chunks/05w9_next_dist_04sc5oc._.js:2431
[  115733ms] [LOG] [Fast Refresh] rebuilding @ http://localhost:3001/_next/static/chunks/05w9_next_dist_04sc5oc._.js:2431
[  115890ms] [ERROR] ./components/admin/MatchRow.tsx:168:5
Expected a semicolon
  166 |         </div>
  167 |       )}
> 168 |     </div>
      |     ^
  169 |   );
  170 | }
  171 |

Parsing ecmascript source code failed

Import traces:
  Client Component Browser:
    ./components/admin/MatchRow.tsx [Client Component Browser]
    ./components/admin/MatchesStage.tsx [Client Component Browser]
    ./components/admin/AdminDashboard.tsx [Client Component Browser]
    ./components/admin/AdminDashboard.tsx [Server Component]
    ./app/admin/page.tsx [Server Component]

  Client Component SSR:
    ./components/admin/MatchRow.tsx [Client Component SSR]
    ./components/admin/MatchesStage.tsx [Client Component SSR]
    ./components/admin/AdminDashboard.tsx [Client Component SSR]
    ./components/admin/AdminDashboard.tsx [Server Component]
    ./app/admin/page.tsx [Server Component] @ http://localhost:3001/_next/static/chunks/05w9_next_dist_04sc5oc._.js:3272
[  115890ms] [ERROR] ./components/admin/MatchRow.tsx:168:6
Unterminated regexp literal
  166 |         </div>
  167 |       )}
> 168 |     </div>
      |      ^^^^^
  169 |   );
  170 | }
  171 |

Parsing ecmascript source code failed

Import traces:
  Client Component Browser:
    ./components/admin/MatchRow.tsx [Client Component Browser]
    ./components/admin/MatchesStage.tsx [Client Component Browser]
    ./components/admin/AdminDashboard.tsx [Client Component Browser]
    ./components/admin/AdminDashboard.tsx [Server Component]
    ./app/admin/page.tsx [Server Component]

  Client Component SSR:
    ./components/admin/MatchRow.tsx [Client Component SSR]
    ./components/admin/MatchesStage.tsx [Client Component SSR]
    ./components/admin/AdminDashboard.tsx [Client Component SSR]
    ./components/admin/AdminDashboard.tsx [Server Component]
    ./app/admin/page.tsx [Server Component] @ http://localhost:3001/_next/static/chunks/05w9_next_dist_04sc5oc._.js:3272
[  115962ms] [ERROR] ./components/admin/MatchRow.tsx:168:5
Expected a semicolon
  166 |         </div>
  167 |       )}
> 168 |     </div>
      |     ^
  169 |   );
  170 | }
  171 |

Parsing ecmascript source code failed

Import traces:
  Client Component Browser:
    ./components/admin/MatchRow.tsx [Client Component Browser]
    ./components/admin/MatchesStage.tsx [Client Component Browser]
    ./components/admin/AdminDashboard.tsx [Client Component Browser]
    ./components/admin/AdminDashboard.tsx [Server Component]
    ./app/admin/page.tsx [Server Component]

  Client Component SSR:
    ./components/admin/MatchRow.tsx [Client Component SSR]
    ./components/admin/MatchesStage.tsx [Client Component SSR]
    ./components/admin/AdminDashboard.tsx [Client Component SSR]
    ./components/admin/AdminDashboard.tsx [Server Component]
    ./app/admin/page.tsx [Server Component] @ http://localhost:3001/_next/static/chunks/05w9_next_dist_04sc5oc._.js:3272
[  115963ms] [ERROR] ./components/admin/MatchRow.tsx:168:6
Unterminated regexp literal
  166 |         </div>
  167 |       )}
> 168 |     </div>
      |      ^^^^^
  169 |   );
  170 | }
  171 |

Parsing ecmascript source code failed

Import traces:
  Client Component Browser:
    ./components/admin/MatchRow.tsx [Client Component Browser]
    ./components/admin/MatchesStage.tsx [Client Component Browser]
    ./components/admin/AdminDashboard.tsx [Client Component Browser]
    ./components/admin/AdminDashboard.tsx [Server Component]
    ./app/admin/page.tsx [Server Component]

  Client Component SSR:
    ./components/admin/MatchRow.tsx [Client Component SSR]
    ./components/admin/MatchesStage.tsx [Client Component SSR]
    ./components/admin/AdminDashboard.tsx [Client Component SSR]
    ./components/admin/AdminDashboard.tsx [Server Component]
    ./app/admin/page.tsx [Server Component] @ http://localhost:3001/_next/static/chunks/05w9_next_dist_04sc5oc._.js:3272
[  116029ms] [LOG] [Fast Refresh] rebuilding @ http://localhost:3001/_next/static/chunks/05w9_next_dist_04sc5oc._.js:2431
[  117922ms] [ERROR] ./components/admin/MatchRow.tsx:168:5
Expected a semicolon
  166 |         </div>
  167 |       )}
> 168 |     </div>
      |     ^
  169 |   );
  170 | }
  171 |

Parsing ecmascript source code failed

Import traces:
  Client Component Browser:
    ./components/admin/MatchRow.tsx [Client Component Browser]
    ./components/admin/MatchesStage.tsx [Client Component Browser]
    ./components/admin/AdminDashboard.tsx [Client Component Browser]
    ./components/admin/AdminDashboard.tsx [Server Component]
    ./app/admin/page.tsx [Server Component]

  Client Component SSR:
    ./components/admin/MatchRow.tsx [Client Component SSR]
    ./components/admin/MatchesStage.tsx [Client Component SSR]
    ./components/admin/AdminDashboard.tsx [Client Component SSR]
    ./components/admin/AdminDashboard.tsx [Server Component]
    ./app/admin/page.tsx [Server Component] @ http://localhost:3001/_next/static/chunks/05w9_next_dist_04sc5oc._.js:3272
[  117922ms] [ERROR] ./components/admin/MatchRow.tsx:168:6
Unterminated regexp literal
  166 |         </div>
  167 |       )}
> 168 |     </div>
      |      ^^^^^
  169 |   );
  170 | }
  171 |

Parsing ecmascript source code failed

Import traces:
  Client Component Browser:
    ./components/admin/MatchRow.tsx [Client Component Browser]
    ./components/admin/MatchesStage.tsx [Client Component Browser]
    ./components/admin/AdminDashboard.tsx [Client Component Browser]
    ./components/admin/AdminDashboard.tsx [Server Component]
    ./app/admin/page.tsx [Server Component]

  Client Component SSR:
    ./components/admin/MatchRow.tsx [Client Component SSR]
    ./components/admin/MatchesStage.tsx [Client Component SSR]
    ./components/admin/AdminDashboard.tsx [Client Component SSR]
    ./components/admin/AdminDashboard.tsx [Server Component]
    ./app/admin/page.tsx [Server Component] @ http://localhost:3001/_next/static/chunks/05w9_next_dist_04sc5oc._.js:3272
[  118023ms] [LOG] [Fast Refresh] rebuilding @ http://localhost:3001/_next/static/chunks/05w9_next_dist_04sc5oc._.js:2431
[  118559ms] [ERROR] ./components/admin/MatchRow.tsx:168:5
Expected a semicolon
  166 |         </div>
  167 |       )}
> 168 |     </div>
      |     ^
  169 |   );
  170 | }
  171 |

Parsing ecmascript source code failed

Import traces:
  Client Component Browser:
    ./components/admin/MatchRow.tsx [Client Component Browser]
    ./components/admin/MatchesStage.tsx [Client Component Browser]
    ./components/admin/AdminDashboard.tsx [Client Component Browser]
    ./components/admin/AdminDashboard.tsx [Server Component]
    ./app/admin/page.tsx [Server Component]

  Client Component SSR:
    ./components/admin/MatchRow.tsx [Client Component SSR]
    ./components/admin/MatchesStage.tsx [Client Component SSR]
    ./components/admin/AdminDashboard.tsx [Client Component SSR]
    ./components/admin/AdminDashboard.tsx [Server Component]
    ./app/admin/page.tsx [Server Component] @ http://localhost:3001/_next/static/chunks/05w9_next_dist_04sc5oc._.js:3272
[  118560ms] [ERROR] ./components/admin/MatchRow.tsx:168:6
Unterminated regexp literal
  166 |         </div>
  167 |       )}
> 168 |     </div>
      |      ^^^^^
  169 |   );
  170 | }
  171 |

Parsing ecmascript source code failed

Import traces:
  Client Component Browser:
    ./components/admin/MatchRow.tsx [Client Component Browser]
    ./components/admin/MatchesStage.tsx [Client Component Browser]
    ./components/admin/AdminDashboard.tsx [Client Component Browser]
    ./components/admin/AdminDashboard.tsx [Server Component]
    ./app/admin/page.tsx [Server Component]

  Client Component SSR:
    ./components/admin/MatchRow.tsx [Client Component SSR]
    ./components/admin/MatchesStage.tsx [Client Component SSR]
    ./components/admin/AdminDashboard.tsx [Client Component SSR]
    ./components/admin/AdminDashboard.tsx [Server Component]
    ./app/admin/page.tsx [Server Component] @ http://localhost:3001/_next/static/chunks/05w9_next_dist_04sc5oc._.js:3272
[  118616ms] [ERROR] ./components/admin/MatchRow.tsx:168:5
Expected a semicolon
  166 |         </div>
  167 |       )}
> 168 |     </div>
      |     ^
  169 |   );
  170 | }
  171 |

Parsing ecmascript source code failed

Import traces:
  Client Component Browser:
    ./components/admin/MatchRow.tsx [Client Component Browser]
    ./components/admin/MatchesStage.tsx [Client Component Browser]
    ./components/admin/AdminDashboard.tsx [Client Component Browser]
    ./components/admin/AdminDashboard.tsx [Server Component]
    ./app/admin/page.tsx [Server Component]

  Client Component SSR:
    ./components/admin/MatchRow.tsx [Client Component SSR]
    ./components/admin/MatchesStage.tsx [Client Component SSR]
    ./components/admin/AdminDashboard.tsx [Client Component SSR]
    ./components/admin/AdminDashboard.tsx [Server Component]
    ./app/admin/page.tsx [Server Component] @ http://localhost:3001/_next/static/chunks/05w9_next_dist_04sc5oc._.js:3272
[  118616ms] [ERROR] ./components/admin/MatchRow.tsx:168:6
Unterminated regexp literal
  166 |         </div>
  167 |       )}
> 168 |     </div>
      |      ^^^^^
  169 |   );
  170 | }
  171 |

Parsing ecmascript source code failed

Import traces:
  Client Component Browser:
    ./components/admin/MatchRow.tsx [Client Component Browser]
    ./components/admin/MatchesStage.tsx [Client Component Browser]
    ./components/admin/AdminDashboard.tsx [Client Component Browser]
    ./components/admin/AdminDashboard.tsx [Server Component]
    ./app/admin/page.tsx [Server Component]

  Client Component SSR:
    ./components/admin/MatchRow.tsx [Client Component SSR]
    ./components/admin/MatchesStage.tsx [Client Component SSR]
    ./components/admin/AdminDashboard.tsx [Client Component SSR]
    ./components/admin/AdminDashboard.tsx [Server Component]
    ./app/admin/page.tsx [Server Component] @ http://localhost:3001/_next/static/chunks/05w9_next_dist_04sc5oc._.js:3272
[  118717ms] [LOG] [Fast Refresh] rebuilding @ http://localhost:3001/_next/static/chunks/05w9_next_dist_04sc5oc._.js:2431
[  119039ms] [ERROR] ./components/admin/MatchRow.tsx:168:5
Expected a semicolon
  166 |         </div>
  167 |       )}
> 168 |     </div>
      |     ^
  169 |   );
  170 | }
  171 |

Parsing ecmascript source code failed

Import traces:
  Client Component Browser:
    ./components/admin/MatchRow.tsx [Client Component Browser]
    ./components/admin/MatchesStage.tsx [Client Component Browser]
    ./components/admin/AdminDashboard.tsx [Client Component Browser]
    ./components/admin/AdminDashboard.tsx [Server Component]
    ./app/admin/page.tsx [Server Component]

  Client Component SSR:
    ./components/admin/MatchRow.tsx [Client Component SSR]
    ./components/admin/MatchesStage.tsx [Client Component SSR]
    ./components/admin/AdminDashboard.tsx [Client Component SSR]
    ./components/admin/AdminDashboard.tsx [Server Component]
    ./app/admin/page.tsx [Server Component] @ http://localhost:3001/_next/static/chunks/05w9_next_dist_04sc5oc._.js:3272
[  119039ms] [ERROR] ./components/admin/MatchRow.tsx:168:6
Unterminated regexp literal
  166 |         </div>
  167 |       )}
> 168 |     </div>
      |      ^^^^^
  169 |   );
  170 | }
  171 |

Parsing ecmascript source code failed

Import traces:
  Client Component Browser:
    ./components/admin/MatchRow.tsx [Client Component Browser]
    ./components/admin/MatchesStage.tsx [Client Component Browser]
    ./components/admin/AdminDashboard.tsx [Client Component Browser]
    ./components/admin/AdminDashboard.tsx [Server Component]
    ./app/admin/page.tsx [Server Component]

  Client Component SSR:
    ./components/admin/MatchRow.tsx [Client Component SSR]
    ./components/admin/MatchesStage.tsx [Client Component SSR]
    ./components/admin/AdminDashboard.tsx [Client Component SSR]
    ./components/admin/AdminDashboard.tsx [Server Component]
    ./app/admin/page.tsx [Server Component] @ http://localhost:3001/_next/static/chunks/05w9_next_dist_04sc5oc._.js:3272
[  119041ms] [ERROR] Failed to load resource: the server responded with a status of 500 (Internal Server Error) @ http://localhost:3001/api/state:0
[  119060ms] Error: failed to fetch state
    at fetchTournament (http://localhost:3001/_next/static/chunks/_0h-s8b0._.js?id=%255Bproject%255D%252Flib%252Fclient.ts+%255Bapp-client%255D+%2528ecmascript%2529:34:24)
    at async useTournament.useCallback[refresh] (http://localhost:3001/_next/static/chunks/_0h-s8b0._.js?id=%255Bproject%255D%252Flib%252Fclient.ts+%255Bapp-client%255D+%2528ecmascript%2529:116:27)
[  119110ms] [ERROR] ./components/admin/MatchRow.tsx:168:5
Expected a semicolon
  166 |         </div>
  167 |       )}
> 168 |     </div>
      |     ^
  169 |   );
  170 | }
  171 |

Parsing ecmascript source code failed

Import traces:
  Client Component Browser:
    ./components/admin/MatchRow.tsx [Client Component Browser]
    ./components/admin/MatchesStage.tsx [Client Component Browser]
    ./components/admin/AdminDashboard.tsx [Client Component Browser]
    ./components/admin/AdminDashboard.tsx [Server Component]
    ./app/admin/page.tsx [Server Component]

  Client Component SSR:
    ./components/admin/MatchRow.tsx [Client Component SSR]
    ./components/admin/MatchesStage.tsx [Client Component SSR]
    ./components/admin/AdminDashboard.tsx [Client Component SSR]
    ./components/admin/AdminDashboard.tsx [Server Component]
    ./app/admin/page.tsx [Server Component] @ http://localhost:3001/_next/static/chunks/05w9_next_dist_04sc5oc._.js:3272
[  119110ms] [ERROR] ./components/admin/MatchRow.tsx:168:6
Unterminated regexp literal
  166 |         </div>
  167 |       )}
> 168 |     </div>
      |      ^^^^^
  169 |   );
  170 | }
  171 |

Parsing ecmascript source code failed

Import traces:
  Client Component Browser:
    ./components/admin/MatchRow.tsx [Client Component Browser]
    ./components/admin/MatchesStage.tsx [Client Component Browser]
    ./components/admin/AdminDashboard.tsx [Client Component Browser]
    ./components/admin/AdminDashboard.tsx [Server Component]
    ./app/admin/page.tsx [Server Component]

  Client Component SSR:
    ./components/admin/MatchRow.tsx [Client Component SSR]
    ./components/admin/MatchesStage.tsx [Client Component SSR]
    ./components/admin/AdminDashboard.tsx [Client Component SSR]
    ./components/admin/AdminDashboard.tsx [Server Component]
    ./app/admin/page.tsx [Server Component] @ http://localhost:3001/_next/static/chunks/05w9_next_dist_04sc5oc._.js:3272
[  119157ms] [LOG] [Fast Refresh] rebuilding @ http://localhost:3001/_next/static/chunks/05w9_next_dist_04sc5oc._.js:2431
[  120897ms] [ERROR] Failed to load resource: the server responded with a status of 500 (Internal Server Error) @ http://localhost:3001/api/state:0
[  120898ms] Error: failed to fetch state
    at fetchTournament (http://localhost:3001/_next/static/chunks/_0h-s8b0._.js?id=%255Bproject%255D%252Flib%252Fclient.ts+%255Bapp-client%255D+%2528ecmascript%2529:34:24)
    at async useTournament.useCallback[refresh] (http://localhost:3001/_next/static/chunks/_0h-s8b0._.js?id=%255Bproject%255D%252Flib%252Fclient.ts+%255Bapp-client%255D+%2528ecmascript%2529:116:27)
[  120921ms] [ERROR] ./components/admin/MatchRow.tsx:168:5
Expected a semicolon
  166 |         </div>
  167 |       )}
> 168 |     </div>
      |     ^
  169 |   );
  170 | }
  171 |

Parsing ecmascript source code failed

Import traces:
  Client Component Browser:
    ./components/admin/MatchRow.tsx [Client Component Browser]
    ./components/admin/MatchesStage.tsx [Client Component Browser]
    ./components/admin/AdminDashboard.tsx [Client Component Browser]
    ./components/admin/AdminDashboard.tsx [Server Component]
    ./app/admin/page.tsx [Server Component]

  Client Component SSR:
    ./components/admin/MatchRow.tsx [Client Component SSR]
    ./components/admin/MatchesStage.tsx [Client Component SSR]
    ./components/admin/AdminDashboard.tsx [Client Component SSR]
    ./components/admin/AdminDashboard.tsx [Server Component]
    ./app/admin/page.tsx [Server Component] @ http://localhost:3001/_next/static/chunks/05w9_next_dist_04sc5oc._.js:3272
[  120921ms] [ERROR] ./components/admin/MatchRow.tsx:168:6
Unterminated regexp literal
  166 |         </div>
  167 |       )}
> 168 |     </div>
      |      ^^^^^
  169 |   );
  170 | }
  171 |

Parsing ecmascript source code failed

Import traces:
  Client Component Browser:
    ./components/admin/MatchRow.tsx [Client Component Browser]
    ./components/admin/MatchesStage.tsx [Client Component Browser]
    ./components/admin/AdminDashboard.tsx [Client Component Browser]
    ./components/admin/AdminDashboard.tsx [Server Component]
    ./app/admin/page.tsx [Server Component]

  Client Component SSR:
    ./components/admin/MatchRow.tsx [Client Component SSR]
    ./components/admin/MatchesStage.tsx [Client Component SSR]
    ./components/admin/AdminDashboard.tsx [Client Component SSR]
    ./components/admin/AdminDashboard.tsx [Server Component]
    ./app/admin/page.tsx [Server Component] @ http://localhost:3001/_next/static/chunks/05w9_next_dist_04sc5oc._.js:3272
[  120989ms] [LOG] [Fast Refresh] rebuilding @ http://localhost:3001/_next/static/chunks/05w9_next_dist_04sc5oc._.js:2431
[  123925ms] [ERROR] Failed to load resource: the server responded with a status of 500 (Internal Server Error) @ http://localhost:3001/api/state:0
[  123926ms] Error: failed to fetch state
    at fetchTournament (http://localhost:3001/_next/static/chunks/_0h-s8b0._.js?id=%255Bproject%255D%252Flib%252Fclient.ts+%255Bapp-client%255D+%2528ecmascript%2529:34:24)
    at async useTournament.useCallback[refresh] (http://localhost:3001/_next/static/chunks/_0h-s8b0._.js?id=%255Bproject%255D%252Flib%252Fclient.ts+%255Bapp-client%255D+%2528ecmascript%2529:116:27)
[  123940ms] [ERROR] ./components/admin/MatchRow.tsx:168:5
Expected a semicolon
  166 |         </div>
  167 |       )}
> 168 |     </div>
      |     ^
  169 |   );
  170 | }
  171 |

Parsing ecmascript source code failed

Import traces:
  Client Component Browser:
    ./components/admin/MatchRow.tsx [Client Component Browser]
    ./components/admin/MatchesStage.tsx [Client Component Browser]
    ./components/admin/AdminDashboard.tsx [Client Component Browser]
    ./components/admin/AdminDashboard.tsx [Server Component]
    ./app/admin/page.tsx [Server Component]

  Client Component SSR:
    ./components/admin/MatchRow.tsx [Client Component SSR]
    ./components/admin/MatchesStage.tsx [Client Component SSR]
    ./components/admin/AdminDashboard.tsx [Client Component SSR]
    ./components/admin/AdminDashboard.tsx [Server Component]
    ./app/admin/page.tsx [Server Component] @ http://localhost:3001/_next/static/chunks/05w9_next_dist_04sc5oc._.js:3272
[  123940ms] [ERROR] ./components/admin/MatchRow.tsx:168:6
Unterminated regexp literal
  166 |         </div>
  167 |       )}
> 168 |     </div>
      |      ^^^^^
  169 |   );
  170 | }
  171 |

Parsing ecmascript source code failed

Import traces:
  Client Component Browser:
    ./components/admin/MatchRow.tsx [Client Component Browser]
    ./components/admin/MatchesStage.tsx [Client Component Browser]
    ./components/admin/AdminDashboard.tsx [Client Component Browser]
    ./components/admin/AdminDashboard.tsx [Server Component]
    ./app/admin/page.tsx [Server Component]

  Client Component SSR:
    ./components/admin/MatchRow.tsx [Client Component SSR]
    ./components/admin/MatchesStage.tsx [Client Component SSR]
    ./components/admin/AdminDashboard.tsx [Client Component SSR]
    ./components/admin/AdminDashboard.tsx [Server Component]
    ./app/admin/page.tsx [Server Component] @ http://localhost:3001/_next/static/chunks/05w9_next_dist_04sc5oc._.js:3272
[  124000ms] [LOG] [Fast Refresh] rebuilding @ http://localhost:3001/_next/static/chunks/05w9_next_dist_04sc5oc._.js:2431
[  126901ms] [ERROR] Failed to load resource: the server responded with a status of 500 (Internal Server Error) @ http://localhost:3001/api/state:0
[  126904ms] Error: failed to fetch state
    at fetchTournament (http://localhost:3001/_next/static/chunks/_0h-s8b0._.js?id=%255Bproject%255D%252Flib%252Fclient.ts+%255Bapp-client%255D+%2528ecmascript%2529:34:24)
    at async useTournament.useCallback[refresh] (http://localhost:3001/_next/static/chunks/_0h-s8b0._.js?id=%255Bproject%255D%252Flib%252Fclient.ts+%255Bapp-client%255D+%2528ecmascript%2529:116:27)
[  126922ms] [ERROR] ./components/admin/MatchRow.tsx:168:5
Expected a semicolon
  166 |         </div>
  167 |       )}
> 168 |     </div>
      |     ^
  169 |   );
  170 | }
  171 |

Parsing ecmascript source code failed

Import traces:
  Client Component Browser:
    ./components/admin/MatchRow.tsx [Client Component Browser]
    ./components/admin/MatchesStage.tsx [Client Component Browser]
    ./components/admin/AdminDashboard.tsx [Client Component Browser]
    ./components/admin/AdminDashboard.tsx [Server Component]
    ./app/admin/page.tsx [Server Component]

  Client Component SSR:
    ./components/admin/MatchRow.tsx [Client Component SSR]
    ./components/admin/MatchesStage.tsx [Client Component SSR]
    ./components/admin/AdminDashboard.tsx [Client Component SSR]
    ./components/admin/AdminDashboard.tsx [Server Component]
    ./app/admin/page.tsx [Server Component] @ http://localhost:3001/_next/static/chunks/05w9_next_dist_04sc5oc._.js:3272
[  126922ms] [ERROR] ./components/admin/MatchRow.tsx:168:6
Unterminated regexp literal
  166 |         </div>
  167 |       )}
> 168 |     </div>
      |      ^^^^^
  169 |   );
  170 | }
  171 |

Parsing ecmascript source code failed

Import traces:
  Client Component Browser:
    ./components/admin/MatchRow.tsx [Client Component Browser]
    ./components/admin/MatchesStage.tsx [Client Component Browser]
    ./components/admin/AdminDashboard.tsx [Client Component Browser]
    ./components/admin/AdminDashboard.tsx [Server Component]
    ./app/admin/page.tsx [Server Component]

  Client Component SSR:
    ./components/admin/MatchRow.tsx [Client Component SSR]
    ./components/admin/MatchesStage.tsx [Client Component SSR]
    ./components/admin/AdminDashboard.tsx [Client Component SSR]
    ./components/admin/AdminDashboard.tsx [Server Component]
    ./app/admin/page.tsx [Server Component] @ http://localhost:3001/_next/static/chunks/05w9_next_dist_04sc5oc._.js:3272
[  126988ms] [LOG] [Fast Refresh] rebuilding @ http://localhost:3001/_next/static/chunks/05w9_next_dist_04sc5oc._.js:2431
[  129905ms] [ERROR] Failed to load resource: the server responded with a status of 500 (Internal Server Error) @ http://localhost:3001/api/state:0
[  129906ms] Error: failed to fetch state
    at fetchTournament (http://localhost:3001/_next/static/chunks/_0h-s8b0._.js?id=%255Bproject%255D%252Flib%252Fclient.ts+%255Bapp-client%255D+%2528ecmascript%2529:34:24)
    at async useTournament.useCallback[refresh] (http://localhost:3001/_next/static/chunks/_0h-s8b0._.js?id=%255Bproject%255D%252Flib%252Fclient.ts+%255Bapp-client%255D+%2528ecmascript%2529:116:27)
[  129923ms] [ERROR] ./components/admin/MatchRow.tsx:168:5
Expected a semicolon
  166 |         </div>
  167 |       )}
> 168 |     </div>
      |     ^
  169 |   );
  170 | }
  171 |

Parsing ecmascript source code failed

Import traces:
  Client Component Browser:
    ./components/admin/MatchRow.tsx [Client Component Browser]
    ./components/admin/MatchesStage.tsx [Client Component Browser]
    ./components/admin/AdminDashboard.tsx [Client Component Browser]
    ./components/admin/AdminDashboard.tsx [Server Component]
    ./app/admin/page.tsx [Server Component]

  Client Component SSR:
    ./components/admin/MatchRow.tsx [Client Component SSR]
    ./components/admin/MatchesStage.tsx [Client Component SSR]
    ./components/admin/AdminDashboard.tsx [Client Component SSR]
    ./components/admin/AdminDashboard.tsx [Server Component]
    ./app/admin/page.tsx [Server Component] @ http://localhost:3001/_next/static/chunks/05w9_next_dist_04sc5oc._.js:3272
[  129923ms] [ERROR] ./components/admin/MatchRow.tsx:168:6
Unterminated regexp literal
  166 |         </div>
  167 |       )}
> 168 |     </div>
      |      ^^^^^
  169 |   );
  170 | }
  171 |

Parsing ecmascript source code failed

Import traces:
  Client Component Browser:
    ./components/admin/MatchRow.tsx [Client Component Browser]
    ./components/admin/MatchesStage.tsx [Client Component Browser]
    ./components/admin/AdminDashboard.tsx [Client Component Browser]
    ./components/admin/AdminDashboard.tsx [Server Component]
    ./app/admin/page.tsx [Server Component]

  Client Component SSR:
    ./components/admin/MatchRow.tsx [Client Component SSR]
    ./components/admin/MatchesStage.tsx [Client Component SSR]
    ./components/admin/AdminDashboard.tsx [Client Component SSR]
    ./components/admin/AdminDashboard.tsx [Server Component]
    ./app/admin/page.tsx [Server Component] @ http://localhost:3001/_next/static/chunks/05w9_next_dist_04sc5oc._.js:3272
[  129990ms] [LOG] [Fast Refresh] rebuilding @ http://localhost:3001/_next/static/chunks/05w9_next_dist_04sc5oc._.js:2431
[  132899ms] [ERROR] Failed to load resource: the server responded with a status of 500 (Internal Server Error) @ http://localhost:3001/api/state:0
[  132899ms] Error: failed to fetch state
    at fetchTournament (http://localhost:3001/_next/static/chunks/_0h-s8b0._.js?id=%255Bproject%255D%252Flib%252Fclient.ts+%255Bapp-client%255D+%2528ecmascript%2529:34:24)
    at async useTournament.useCallback[refresh] (http://localhost:3001/_next/static/chunks/_0h-s8b0._.js?id=%255Bproject%255D%252Flib%252Fclient.ts+%255Bapp-client%255D+%2528ecmascript%2529:116:27)
[  132923ms] [ERROR] ./components/admin/MatchRow.tsx:168:5
Expected a semicolon
  166 |         </div>
  167 |       )}
> 168 |     </div>
      |     ^
  169 |   );
  170 | }
  171 |

Parsing ecmascript source code failed

Import traces:
  Client Component Browser:
    ./components/admin/MatchRow.tsx [Client Component Browser]
    ./components/admin/MatchesStage.tsx [Client Component Browser]
    ./components/admin/AdminDashboard.tsx [Client Component Browser]
    ./components/admin/AdminDashboard.tsx [Server Component]
    ./app/admin/page.tsx [Server Component]

  Client Component SSR:
    ./components/admin/MatchRow.tsx [Client Component SSR]
    ./components/admin/MatchesStage.tsx [Client Component SSR]
    ./components/admin/AdminDashboard.tsx [Client Component SSR]
    ./components/admin/AdminDashboard.tsx [Server Component]
    ./app/admin/page.tsx [Server Component] @ http://localhost:3001/_next/static/chunks/05w9_next_dist_04sc5oc._.js:3272
[  132923ms] [ERROR] ./components/admin/MatchRow.tsx:168:6
Unterminated regexp literal
  166 |         </div>
  167 |       )}
> 168 |     </div>
      |      ^^^^^
  169 |   );
  170 | }
  171 |

Parsing ecmascript source code failed

Import traces:
  Client Component Browser:
    ./components/admin/MatchRow.tsx [Client Component Browser]
    ./components/admin/MatchesStage.tsx [Client Component Browser]
    ./components/admin/AdminDashboard.tsx [Client Component Browser]
    ./components/admin/AdminDashboard.tsx [Server Component]
    ./app/admin/page.tsx [Server Component]

  Client Component SSR:
    ./components/admin/MatchRow.tsx [Client Component SSR]
    ./components/admin/MatchesStage.tsx [Client Component SSR]
    ./components/admin/AdminDashboard.tsx [Client Component SSR]
    ./components/admin/AdminDashboard.tsx [Server Component]
    ./app/admin/page.tsx [Server Component] @ http://localhost:3001/_next/static/chunks/05w9_next_dist_04sc5oc._.js:3272
[  132990ms] [LOG] [Fast Refresh] rebuilding @ http://localhost:3001/_next/static/chunks/05w9_next_dist_04sc5oc._.js:2431
[  135924ms] [ERROR] Failed to load resource: the server responded with a status of 500 (Internal Server Error) @ http://localhost:3001/api/state:0
[  135925ms] Error: failed to fetch state
    at fetchTournament (http://localhost:3001/_next/static/chunks/_0h-s8b0._.js?id=%255Bproject%255D%252Flib%252Fclient.ts+%255Bapp-client%255D+%2528ecmascript%2529:34:24)
    at async useTournament.useCallback[refresh] (http://localhost:3001/_next/static/chunks/_0h-s8b0._.js?id=%255Bproject%255D%252Flib%252Fclient.ts+%255Bapp-client%255D+%2528ecmascript%2529:116:27)
[  135933ms] [ERROR] ./components/admin/MatchRow.tsx:168:5
Expected a semicolon
  166 |         </div>
  167 |       )}
> 168 |     </div>
      |     ^
  169 |   );
  170 | }
  171 |

Parsing ecmascript source code failed

Import traces:
  Client Component Browser:
    ./components/admin/MatchRow.tsx [Client Component Browser]
    ./components/admin/MatchesStage.tsx [Client Component Browser]
    ./components/admin/AdminDashboard.tsx [Client Component Browser]
    ./components/admin/AdminDashboard.tsx [Server Component]
    ./app/admin/page.tsx [Server Component]

  Client Component SSR:
    ./components/admin/MatchRow.tsx [Client Component SSR]
    ./components/admin/MatchesStage.tsx [Client Component SSR]
    ./components/admin/AdminDashboard.tsx [Client Component SSR]
    ./components/admin/AdminDashboard.tsx [Server Component]
    ./app/admin/page.tsx [Server Component] @ http://localhost:3001/_next/static/chunks/05w9_next_dist_04sc5oc._.js:3272
[  135933ms] [ERROR] ./components/admin/MatchRow.tsx:168:6
Unterminated regexp literal
  166 |         </div>
  167 |       )}
> 168 |     </div>
      |      ^^^^^
  169 |   );
  170 | }
  171 |

Parsing ecmascript source code failed

Import traces:
  Client Component Browser:
    ./components/admin/MatchRow.tsx [Client Component Browser]
    ./components/admin/MatchesStage.tsx [Client Component Browser]
    ./components/admin/AdminDashboard.tsx [Client Component Browser]
    ./components/admin/AdminDashboard.tsx [Server Component]
    ./app/admin/page.tsx [Server Component]

  Client Component SSR:
    ./components/admin/MatchRow.tsx [Client Component SSR]
    ./components/admin/MatchesStage.tsx [Client Component SSR]
    ./components/admin/AdminDashboard.tsx [Client Component SSR]
    ./components/admin/AdminDashboard.tsx [Server Component]
    ./app/admin/page.tsx [Server Component] @ http://localhost:3001/_next/static/chunks/05w9_next_dist_04sc5oc._.js:3272
[  136000ms] [LOG] [Fast Refresh] rebuilding @ http://localhost:3001/_next/static/chunks/05w9_next_dist_04sc5oc._.js:2431
[  137358ms] [LOG] [Fast Refresh] rebuilding @ http://localhost:3001/_next/static/chunks/05w9_next_dist_04sc5oc._.js:2431
[  137424ms] [LOG] [Fast Refresh] done in 131ms @ http://localhost:3001/_next/static/chunks/05w9_next_dist_04sc5oc._.js:2431
