[     381ms] [INFO] %cDownload the React DevTools for a better development experience: https://react.dev/link/react-devtools font-weight:bold @ http://localhost:3001/_next/static/chunks/05w9_next_dist_04sc5oc._.js:2431
[     420ms] [LOG] [HMR] connected @ http://localhost:3001/_next/static/chunks/05w9_next_dist_04sc5oc._.js:2431
[     541ms] [LOG] [Fast Refresh] rebuilding @ http://localhost:3001/_next/static/chunks/05w9_next_dist_04sc5oc._.js:2431
[     618ms] [LOG] [Fast Refresh] done in 177ms @ http://localhost:3001/_next/static/chunks/05w9_next_dist_04sc5oc._.js:2431
[     755ms] [LOG] [Fast Refresh] rebuilding @ http://localhost:3001/_next/static/chunks/05w9_next_dist_04sc5oc._.js:2431
[    1283ms] [LOG] [Fast Refresh] done in 664ms @ http://localhost:3001/_next/static/chunks/05w9_next_dist_04sc5oc._.js:2431
[    1551ms] [LOG] [Fast Refresh] rebuilding @ http://localhost:3001/_next/static/chunks/05w9_next_dist_04sc5oc._.js:2431
[    1753ms] [LOG] [Fast Refresh] done in 303ms @ http://localhost:3001/_next/static/chunks/05w9_next_dist_04sc5oc._.js:2431
[    2716ms] [LOG] [Fast Refresh] rebuilding @ http://localhost:3001/_next/static/chunks/05w9_next_dist_04sc5oc._.js:2431
[    2772ms] [LOG] [Fast Refresh] done in 157ms @ http://localhost:3001/_next/static/chunks/05w9_next_dist_04sc5oc._.js:2431
[  921726ms] [LOG] [Fast Refresh] rebuilding @ http://localhost:3001/_next/static/chunks/05w9_next_dist_04sc5oc._.js:2431
[  921755ms] [LOG] [Fast Refresh] done in 130ms @ http://localhost:3001/_next/static/chunks/05w9_next_dist_04sc5oc._.js:2431
[  924865ms] [LOG] [Fast Refresh] rebuilding @ http://localhost:3001/_next/static/chunks/05w9_next_dist_04sc5oc._.js:2431
[  924887ms] [LOG] [Fast Refresh] done in 124ms @ http://localhost:3001/_next/static/chunks/05w9_next_dist_04sc5oc._.js:2431
[  924989ms] [LOG] [Fast Refresh] rebuilding @ http://localhost:3001/_next/static/chunks/05w9_next_dist_04sc5oc._.js:2431
[  925001ms] [LOG] [Fast Refresh] done in 114ms @ http://localhost:3001/_next/static/chunks/05w9_next_dist_04sc5oc._.js:2431
[  932834ms] [LOG] [Fast Refresh] rebuilding @ http://localhost:3001/_next/static/chunks/05w9_next_dist_04sc5oc._.js:2431
[  932993ms] [LOG] [Fast Refresh] done in 237ms @ http://localhost:3001/_next/static/chunks/05w9_next_dist_04sc5oc._.js:2431
[  948857ms] [LOG] [Fast Refresh] rebuilding @ http://localhost:3001/_next/static/chunks/05w9_next_dist_04sc5oc._.js:2431
[  948884ms] [LOG] [Fast Refresh] done in 65ms @ http://localhost:3001/_next/static/chunks/05w9_next_dist_04sc5oc._.js:2431
[  999964ms] [INFO] %cDownload the React DevTools for a better development experience: https://react.dev/link/react-devtools font-weight:bold @ http://localhost:3001/_next/static/chunks/05w9_next_dist_04sc5oc._.js:2431
[  999990ms] [LOG] [HMR] connected @ http://localhost:3001/_next/static/chunks/05w9_next_dist_04sc5oc._.js:2431
[ 1001581ms] [INFO] %cDownload the React DevTools for a better development experience: https://react.dev/link/react-devtools font-weight:bold @ http://localhost:3001/_next/static/chunks/05w9_next_dist_04sc5oc._.js:2431
[ 1001589ms] [LOG] [HMR] connected @ http://localhost:3001/_next/static/chunks/05w9_next_dist_04sc5oc._.js:2431
[ 1004553ms] [INFO] %cDownload the React DevTools for a better development experience: https://react.dev/link/react-devtools font-weight:bold @ http://localhost:3001/_next/static/chunks/05w9_next_dist_04sc5oc._.js:2431
[ 1004564ms] [LOG] [HMR] connected @ http://localhost:3001/_next/static/chunks/05w9_next_dist_04sc5oc._.js:2431
[ 1013234ms] [LOG] [Fast Refresh] rebuilding @ http://localhost:3001/_next/static/chunks/05w9_next_dist_04sc5oc._.js:2431
[ 1013264ms] [LOG] [Fast Refresh] done in 91ms @ http://localhost:3001/_next/static/chunks/05w9_next_dist_04sc5oc._.js:2431
[ 1037844ms] [LOG] [Fast Refresh] rebuilding @ http://localhost:3001/_next/static/chunks/05w9_next_dist_04sc5oc._.js:2431
[ 1037885ms] [LOG] [Fast Refresh] done in 80ms @ http://localhost:3001/_next/static/chunks/05w9_next_dist_04sc5oc._.js:2431
[ 1053393ms] [LOG] [Fast Refresh] rebuilding @ http://localhost:3001/_next/static/chunks/05w9_next_dist_04sc5oc._.js:2431
[ 1053426ms] [LOG] [Fast Refresh] done in 51ms @ http://localhost:3001/_next/static/chunks/05w9_next_dist_04sc5oc._.js:2431
[ 1099144ms] [LOG] [Fast Refresh] rebuilding @ http://localhost:3001/_next/static/chunks/05w9_next_dist_04sc5oc._.js:2431
[ 1099188ms] [LOG] [Fast Refresh] done in 38ms @ http://localhost:3001/_next/static/chunks/05w9_next_dist_04sc5oc._.js:2431
